/usr/lib/python3.4/site-packages/deap/tools/_hypervolume/pyhv.py:33: ImportWarning: Falling back to the python version of hypervolume module. Expect this to be very slow.
  "module. Expect this to be very slow.", ImportWarning)
name 'make_scorer' is not defined
name 'make_scorer' is not defined
name 'make_scorer' is not defined
name 'make_scorer' is not defined
name 'make_scorer' is not defined
name 'make_scorer' is not defined
name 'make_scorer' is not defined
name 'make_scorer' is not defined
name 'make_scorer' is not defined
indice	Accuracy  bootstrap  bootstrap_features  n_estimators  oob_score  warm_start
0	     0.0      False               False            15      False       False
Traceback (most recent call last):
  File "main.py", line 58, in <module>
    ev.fit(scoring='mse', n_jobs=cpu_count(), kargs=searchParams)
  File "/home/Manuel.Castillo/pruebasOHC/lib/ProcessManager.py", line 44, in fit
    edcv.run()
  File "./lib/edasSearch.py", line 117, in run
    self.evaluate()
  File "./lib/edasSearch.py", line 84, in evaluate
    self.sample[:, -1] = _pool.starmap(self.objective_function, _iterable)
  File "/usr/lib64/python3.4/multiprocessing/pool.py", line 268, in starmap
    return self._map_async(func, iterable, starmapstar, chunksize).get()
  File "/usr/lib64/python3.4/multiprocessing/pool.py", line 608, in get
    raise self._value
  File "/usr/lib64/python3.4/multiprocessing/pool.py", line 385, in _handle_tasks
    put(task)
  File "/usr/lib64/python3.4/multiprocessing/connection.py", line 206, in send
    self._send_bytes(ForkingPickler.dumps(obj))
  File "/usr/lib64/python3.4/multiprocessing/reduction.py", line 50, in dumps
    cls(buf, protocol).dump(obj)
MemoryError
