/usr/lib/python3.4/site-packages/deap/tools/_hypervolume/pyhv.py:33: ImportWarning: Falling back to the python version of hypervolume module. Expect this to be very slow.
  "module. Expect this to be very slow.", ImportWarning)
name 'make_scorer' is not defined
name 'make_scorer' is not defined
name 'make_scorer' is not defined
name 'make_scorer' is not defined
name 'make_scorer' is not defined
name 'make_scorer' is not defined
name 'make_scorer' is not defined
name 'make_scorer' is not defined
name 'make_scorer' is not defined
name 'make_scorer' is not defined
name 'make_scorer' is not defined
name 'make_scorer' is not defined
name 'make_scorer' is not defined
name 'make_scorer' is not defined
name 'make_scorer' is not defined
name 'make_scorer' is not defined
name 'make_scorer' is not defined
name 'make_scorer' is not defined
name 'make_scorer' is not defined
name 'make_scorer' is not defined
name 'make_scorer' is not defined
name 'make_scorer' is not defined
name 'make_scorer' is not defined
name 'make_scorer' is not defined
name 'make_scorer' is not defined
name 'make_scorer' is not defined
name 'make_scorer' is not defined
name 'make_scorer' is not defined
name 'make_scorer' is not defined
indice	Accuracy  alpha  fit_intercept  l1_ratio  normalize selection  warm_start
0	     0.0    1.0          False       0.8       True    random        True
name 'make_scorer' is not defined
name 'make_scorer' is not defined
name 'make_scorer' is not defined
name 'make_scorer' is not defined
name 'make_scorer' is not defined
name 'make_scorer' is not defined
name 'make_scorer' is not defined
name 'make_scorer' is not defined
name 'make_scorer' is not defined
name 'make_scorer' is not defined
name 'make_scorer' is not defined
name 'make_scorer' is not defined
name 'make_scorer' is not defined
name 'make_scorer' is not defined
name 'make_scorer' is not defined
name 'make_scorer' is not defined
name 'make_scorer' is not defined
name 'make_scorer' is not defined
1	     0.0    1.0          False       0.4       True    cyclic        True
name 'make_scorer' is not defined
name 'make_scorer' is not defined
name 'make_scorer' is not defined
name 'make_scorer' is not defined
name 'make_scorer' is not defined
name 'make_scorer' is not defined
name 'make_scorer' is not defined
name 'make_scorer' is not defined
name 'make_scorer' is not defined
name 'make_scorer' is not defined
name 'make_scorer' is not defined
name 'make_scorer' is not defined
name 'make_scorer' is not defined
name 'make_scorer' is not defined
name 'make_scorer' is not defined
name 'make_scorer' is not defined
name 'make_scorer' is not defined
name 'make_scorer' is not defined
2	     0.0    1.0           True       0.6      False    random        True
name 'make_scorer' is not defined
name 'make_scorer' is not defined
name 'make_scorer' is not defined
name 'make_scorer' is not defined
name 'make_scorer' is not defined
name 'make_scorer' is not defined
name 'make_scorer' is not defined
name 'make_scorer' is not defined
name 'make_scorer' is not defined
name 'make_scorer' is not defined
name 'make_scorer' is not defined
name 'make_scorer' is not defined
3	     0.0    1.0          False       1.0       True    cyclic        True
name 'make_scorer' is not defined
name 'make_scorer' is not defined
name 'make_scorer' is not defined
name 'make_scorer' is not defined
name 'make_scorer' is not defined
name 'make_scorer' is not defined
name 'make_scorer' is not defined
name 'make_scorer' is not defined
name 'make_scorer' is not defined
name 'make_scorer' is not defined
name 'make_scorer' is not defined
name 'make_scorer' is not defined
name 'make_scorer' is not defined
name 'make_scorer' is not defined
name 'make_scorer' is not defined
name 'make_scorer' is not defined
name 'make_scorer' is not defined
name 'make_scorer' is not defined
name 'make_scorer' is not defined
name 'make_scorer' is not defined
name 'make_scorer' is not defined
name 'make_scorer' is not defined
name 'make_scorer' is not defined
4	     0.0    1.0           True       0.6      False    random       False
name 'make_scorer' is not defined
name 'make_scorer' is not defined
name 'make_scorer' is not defined
name 'make_scorer' is not defined
name 'make_scorer' is not defined
name 'make_scorer' is not defined
name 'make_scorer' is not defined
name 'make_scorer' is not defined
name 'make_scorer' is not defined
name 'make_scorer' is not defined
name 'make_scorer' is not defined
name 'make_scorer' is not defined
name 'make_scorer' is not defined
name 'make_scorer' is not defined
name 'make_scorer' is not defined
name 'make_scorer' is not defined
name 'make_scorer' is not defined
name 'make_scorer' is not defined
5	     0.0    1.0           True       0.8       True    cyclic        True
name 'make_scorer' is not defined
name 'make_scorer' is not defined
name 'make_scorer' is not defined
name 'make_scorer' is not defined
name 'make_scorer' is not defined
name 'make_scorer' is not defined
name 'make_scorer' is not defined
name 'make_scorer' is not defined
name 'make_scorer' is not defined
name 'make_scorer' is not defined
6	     0.0    1.0           True       1.0      False    cyclic        True
name 'make_scorer' is not defined
name 'make_scorer' is not defined
name 'make_scorer' is not defined
name 'make_scorer' is not defined
name 'make_scorer' is not defined
name 'make_scorer' is not defined
name 'make_scorer' is not defined
name 'make_scorer' is not defined
name 'make_scorer' is not defined
7	     0.0    1.0           True       0.6       True    random       False
