/usr/lib/python3.4/site-packages/deap/tools/_hypervolume/pyhv.py:33: ImportWarning: Falling back to the python version of hypervolume module. Expect this to be very slow.
  "module. Expect this to be very slow.", ImportWarning)
name 'make_scorer' is not defined
name 'make_scorer' is not defined
name 'make_scorer' is not defined
name 'make_scorer' is not defined
name 'make_scorer' is not defined
name 'make_scorer' is not defined
name 'make_scorer' is not defined
name 'make_scorer' is not defined
indice	Accuracy  learning_rate         loss  n_estimators
0	     0.0            2.0  exponential           100
name 'make_scorer' is not defined
name 'make_scorer' is not defined
name 'make_scorer' is not defined
name 'make_scorer' is not defined
name 'make_scorer' is not defined
1	     0.0            2.0  exponential            50
name 'make_scorer' is not defined
name 'make_scorer' is not defined
name 'make_scorer' is not defined
name 'make_scorer' is not defined
name 'make_scorer' is not defined
2	     0.0            2.0  exponential           500
