/usr/lib/python3.4/site-packages/deap/tools/_hypervolume/pyhv.py:33: ImportWarning: Falling back to the python version of hypervolume module. Expect this to be very slow.
  "module. Expect this to be very slow.", ImportWarning)
name 'make_scorer' is not defined
name 'make_scorer' is not defined
name 'make_scorer' is not defined
name 'make_scorer' is not defined
name 'make_scorer' is not defined
name 'make_scorer' is not defined
name 'make_scorer' is not defined
name 'make_scorer' is not defined
name 'make_scorer' is not defined
name 'make_scorer' is not defined
name 'make_scorer' is not defined
name 'make_scorer' is not defined
indice	Accuracy  alpha  fit_intercept  normalize selection      tol
0	     0.0    0.1           True      False    cyclic  0.00001
name 'make_scorer' is not defined
name 'make_scorer' is not defined
name 'make_scorer' is not defined
name 'make_scorer' is not defined
name 'make_scorer' is not defined
name 'make_scorer' is not defined
name 'make_scorer' is not defined
name 'make_scorer' is not defined
name 'make_scorer' is not defined
1	     0.0    0.4           True      False    cyclic  0.001
name 'make_scorer' is not defined
name 'make_scorer' is not defined
name 'make_scorer' is not defined
name 'make_scorer' is not defined
name 'make_scorer' is not defined
name 'make_scorer' is not defined
name 'make_scorer' is not defined
2	     0.0    0.1          False      False    cyclic  0.0001
name 'make_scorer' is not defined
name 'make_scorer' is not defined
name 'make_scorer' is not defined
name 'make_scorer' is not defined
name 'make_scorer' is not defined
3	     0.0    0.7           True      False    cyclic  0.001
name 'make_scorer' is not defined
name 'make_scorer' is not defined
name 'make_scorer' is not defined
name 'make_scorer' is not defined
name 'make_scorer' is not defined
name 'make_scorer' is not defined
4	     0.0    0.4           True      False    random  0.00001
name 'make_scorer' is not defined
name 'make_scorer' is not defined
name 'make_scorer' is not defined
name 'make_scorer' is not defined
name 'make_scorer' is not defined
5	     0.0    0.7           True       True    cyclic  0.0001
name 'make_scorer' is not defined
name 'make_scorer' is not defined
name 'make_scorer' is not defined
name 'make_scorer' is not defined
name 'make_scorer' is not defined
6	     0.0    1.0           True      False    random  0.00001
