/usr/lib/python3.4/site-packages/deap/tools/_hypervolume/pyhv.py:33: ImportWarning: Falling back to the python version of hypervolume module. Expect this to be very slow.
  "module. Expect this to be very slow.", ImportWarning)
name 'make_scorer' is not defined
name 'make_scorer' is not defined
name 'make_scorer' is not defined
name 'make_scorer' is not defined
name 'make_scorer' is not defined
name 'make_scorer' is not defined
name 'make_scorer' is not defined
name 'make_scorer' is not defined
name 'make_scorer' is not defined
name 'make_scorer' is not defined
name 'make_scorer' is not defined
name 'make_scorer' is not defined
name 'make_scorer' is not defined
name 'make_scorer' is not defined
name 'make_scorer' is not defined
name 'make_scorer' is not defined
name 'make_scorer' is not defined
name 'make_scorer' is not defined
name 'make_scorer' is not defined
name 'make_scorer' is not defined
name 'make_scorer' is not defined
name 'make_scorer' is not defined
name 'make_scorer' is not defined
name 'make_scorer' is not defined
name 'make_scorer' is not defined
name 'make_scorer' is not defined
name 'make_scorer' is not defined
indice	Accuracy  bootstrap criterion max_features  n_estimators  oob_score  warm_start
0	     0.0      False       mae         log2            18      False       False
name 'make_scorer' is not defined
name 'make_scorer' is not defined
name 'make_scorer' is not defined
name 'make_scorer' is not defined
name 'make_scorer' is not defined
name 'make_scorer' is not defined
name 'make_scorer' is not defined
name 'make_scorer' is not defined
name 'make_scorer' is not defined
name 'make_scorer' is not defined
name 'make_scorer' is not defined
name 'make_scorer' is not defined
name 'make_scorer' is not defined
name 'make_scorer' is not defined
name 'make_scorer' is not defined
1	     0.0       True       mse         log2            20      False        True
name 'make_scorer' is not defined
name 'make_scorer' is not defined
name 'make_scorer' is not defined
name 'make_scorer' is not defined
name 'make_scorer' is not defined
name 'make_scorer' is not defined
name 'make_scorer' is not defined
name 'make_scorer' is not defined
name 'make_scorer' is not defined
name 'make_scorer' is not defined
name 'make_scorer' is not defined
name 'make_scorer' is not defined
name 'make_scorer' is not defined
name 'make_scorer' is not defined
name 'make_scorer' is not defined
name 'make_scorer' is not defined
name 'make_scorer' is not defined
2	     0.0      False       mae         log2            12       True        True
name 'make_scorer' is not defined
name 'make_scorer' is not defined
name 'make_scorer' is not defined
name 'make_scorer' is not defined
name 'make_scorer' is not defined
name 'make_scorer' is not defined
name 'make_scorer' is not defined
name 'make_scorer' is not defined
name 'make_scorer' is not defined
name 'make_scorer' is not defined
name 'make_scorer' is not defined
name 'make_scorer' is not defined
name 'make_scorer' is not defined
3	     0.0      False       mse         log2            20       True        True
name 'make_scorer' is not defined
name 'make_scorer' is not defined
name 'make_scorer' is not defined
name 'make_scorer' is not defined
name 'make_scorer' is not defined
name 'make_scorer' is not defined
name 'make_scorer' is not defined
name 'make_scorer' is not defined
name 'make_scorer' is not defined
name 'make_scorer' is not defined
name 'make_scorer' is not defined
name 'make_scorer' is not defined
name 'make_scorer' is not defined
name 'make_scorer' is not defined
name 'make_scorer' is not defined
name 'make_scorer' is not defined
name 'make_scorer' is not defined
4	     0.0      False       mse         log2            12      False        True
name 'make_scorer' is not defined
name 'make_scorer' is not defined
name 'make_scorer' is not defined
name 'make_scorer' is not defined
name 'make_scorer' is not defined
name 'make_scorer' is not defined
name 'make_scorer' is not defined
name 'make_scorer' is not defined
name 'make_scorer' is not defined
name 'make_scorer' is not defined
5	     0.0      False       mse         log2            15       True       False
name 'make_scorer' is not defined
name 'make_scorer' is not defined
name 'make_scorer' is not defined
name 'make_scorer' is not defined
name 'make_scorer' is not defined
name 'make_scorer' is not defined
name 'make_scorer' is not defined
name 'make_scorer' is not defined
name 'make_scorer' is not defined
name 'make_scorer' is not defined
name 'make_scorer' is not defined
6	     0.0      False       mae         log2            20      False       False
