/usr/lib/python3.4/site-packages/deap/tools/_hypervolume/pyhv.py:33: ImportWarning: Falling back to the python version of hypervolume module. Expect this to be very slow.
  "module. Expect this to be very slow.", ImportWarning)
Tipos: [1, 1, 1, 1, 1], rangos: [1, 1, 2, 1, 1]
--- Evolve in 48 possible combinations ---
Traceback (most recent call last):
  File "main.py", line 58, in <module>
    ev.fit(scoring='accuracy', n_jobs=cpu_count(), kargs=searchParams)
  File "/home/Manuel.Castillo/pruebasOHC/lib/ProcessManager.py", line 36, in fit
    agcv.fit(self.X, self.y)
  File "./lib/easSearch.py", line 200, in fit
    self._fit(X, y, self.params)
  File "./lib/easSearch.py", line 263, in _fit
    halloffame=hof, verbose=self.verbose)
  File "/usr/lib/python3.4/site-packages/deap/algorithms.py", line 150, in eaSimple
    fitnesses = toolbox.map(toolbox.evaluate, invalid_ind)
  File "/usr/lib64/python3.4/multiprocessing/pool.py", line 260, in map
    return self._map_async(func, iterable, mapstar, chunksize).get()
  File "/usr/lib64/python3.4/multiprocessing/pool.py", line 608, in get
    raise self._value
  File "/usr/lib64/python3.4/multiprocessing/pool.py", line 385, in _handle_tasks
    put(task)
  File "/usr/lib64/python3.4/multiprocessing/connection.py", line 206, in send
    self._send_bytes(ForkingPickler.dumps(obj))
  File "/usr/lib64/python3.4/multiprocessing/reduction.py", line 50, in dumps
    cls(buf, protocol).dump(obj)
MemoryError
