/usr/lib/python3.4/site-packages/deap/tools/_hypervolume/pyhv.py:33: ImportWarning: Falling back to the python version of hypervolume module. Expect this to be very slow.
  "module. Expect this to be very slow.", ImportWarning)
Traceback (most recent call last):
  File "main.py", line 58, in <module>
    ev.fit(scoring='accuracy', n_jobs=cpu_count(), kargs=searchParams)
  File "/home/Manuel.Castillo/pruebasOHC/lib/ProcessManager.py", line 44, in fit
    edcv.run()
  File "./lib/edasSearch.py", line 105, in run
    self.evaluate()  # Multi process
  File "./lib/edasSearch.py", line 80, in evaluate
    _pool = Pool(self.n_jobs)
  File "/usr/lib64/python3.4/multiprocessing/context.py", line 118, in Pool
    context=self.get_context())
  File "/usr/lib64/python3.4/multiprocessing/pool.py", line 168, in __init__
    self._repopulate_pool()
  File "/usr/lib64/python3.4/multiprocessing/pool.py", line 233, in _repopulate_pool
    w.start()
  File "/usr/lib64/python3.4/multiprocessing/process.py", line 105, in start
    self._popen = self._Popen(self)
  File "/usr/lib64/python3.4/multiprocessing/context.py", line 267, in _Popen
    return Popen(process_obj)
  File "/usr/lib64/python3.4/multiprocessing/popen_fork.py", line 21, in __init__
    self._launch(process_obj)
  File "/usr/lib64/python3.4/multiprocessing/popen_fork.py", line 70, in _launch
    self.pid = os.fork()
OSError: [Errno 12] Cannot allocate memory
